[2017-06-20 10:54:50.964] [INFO] error - errError: write EPIPE
[2017-06-20 10:54:50.965] [INFO] error - errError: read ECONNRESET
[2017-06-20 10:55:31.328] [INFO] error - errError: This socket is closed
[2017-06-20 10:55:31.329] [INFO] error - errError: This socket is closed
[2017-06-20 10:55:31.330] [INFO] error - errError: This socket is closed
[2017-06-20 10:55:31.330] [INFO] error - errError: This socket is closed
[2017-06-20 10:55:36.382] [INFO] error - errError: This socket is closed
[2017-06-20 10:55:36.384] [INFO] error - errError: This socket is closed
[2017-06-20 10:55:36.386] [INFO] error - errError: This socket is closed
[2017-06-20 10:55:36.387] [INFO] error - errError: This socket is closed
[2017-06-20 10:55:36.389] [INFO] error - errError: This socket has been ended by the other party
[2017-06-20 10:55:36.391] [INFO] error - errError: This socket has been ended by the other party
[2017-06-20 10:55:38.602] [INFO] error - errError: This socket is closed
[2017-06-20 10:55:38.603] [INFO] error - errError: This socket is closed
[2017-06-20 10:55:38.604] [INFO] error - errError: This socket is closed
[2017-06-20 10:55:38.605] [INFO] error - errError: This socket is closed
[2017-06-20 10:55:38.607] [INFO] error - errError: This socket has been ended by the other party
[2017-06-20 10:55:38.608] [INFO] error - errError: This socket has been ended by the other party
[2017-06-20 10:55:38.609] [INFO] error - errError: This socket is closed
[2017-06-20 10:55:38.609] [INFO] error - errError: This socket is closed
[2017-06-20 10:55:38.610] [INFO] error - errError: This socket is closed
[2017-06-20 10:55:38.611] [INFO] error - errError: This socket is closed
[2017-06-20 10:55:38.611] [INFO] error - errError: This socket has been ended by the other party
[2017-06-20 10:55:38.612] [INFO] error - errError: This socket has been ended by the other party
[2017-06-20 10:55:41.289] [INFO] error - errError: This socket is closed
[2017-06-20 10:55:41.290] [INFO] error - errError: This socket is closed
[2017-06-20 10:55:41.293] [INFO] error - errError: This socket is closed
[2017-06-20 10:55:41.295] [INFO] error - errError: This socket is closed
[2017-06-20 10:55:41.296] [INFO] error - errError: This socket has been ended by the other party
[2017-06-20 10:55:41.297] [INFO] error - errError: This socket has been ended by the other party
[2017-06-20 10:55:46.295] [INFO] error - errError: This socket is closed
[2017-06-20 10:55:46.296] [INFO] error - errError: This socket is closed
[2017-06-20 10:55:46.297] [INFO] error - errError: This socket is closed
[2017-06-20 10:55:46.298] [INFO] error - errError: This socket is closed
[2017-06-20 10:55:46.300] [INFO] error - errError: This socket has been ended by the other party
[2017-06-20 10:55:46.302] [INFO] error - errError: This socket has been ended by the other party
[2017-06-20 10:55:51.322] [INFO] error - errError: This socket is closed
[2017-06-20 10:55:51.323] [INFO] error - errError: This socket is closed
[2017-06-20 10:55:51.324] [INFO] error - errError: This socket is closed
[2017-06-20 10:55:51.325] [INFO] error - errError: This socket is closed
[2017-06-20 10:55:51.326] [INFO] error - errError: This socket has been ended by the other party
[2017-06-20 10:55:51.327] [INFO] error - errError: This socket has been ended by the other party
[2017-06-20 10:55:56.311] [INFO] error - errError: This socket is closed
[2017-06-20 10:55:56.315] [INFO] error - errError: This socket is closed
[2017-06-20 10:55:56.315] [INFO] error - errError: This socket is closed
[2017-06-20 10:55:56.316] [INFO] error - errError: This socket is closed
[2017-06-20 10:55:56.318] [INFO] error - errError: This socket has been ended by the other party
[2017-06-20 10:55:56.319] [INFO] error - errError: This socket has been ended by the other party
[2017-06-20 10:56:01.517] [INFO] error - errError: This socket is closed
[2017-06-20 10:56:01.518] [INFO] error - errError: This socket is closed
[2017-06-20 10:56:01.519] [INFO] error - errError: This socket is closed
[2017-06-20 10:56:01.521] [INFO] error - errError: This socket is closed
[2017-06-20 10:56:01.522] [INFO] error - errError: This socket has been ended by the other party
[2017-06-20 10:56:01.523] [INFO] error - errError: This socket has been ended by the other party
[2017-06-20 10:56:06.335] [INFO] error - errError: This socket is closed
[2017-06-20 10:56:06.336] [INFO] error - errError: This socket is closed
[2017-06-20 10:56:06.337] [INFO] error - errError: This socket is closed
[2017-06-20 10:56:06.338] [INFO] error - errError: This socket is closed
[2017-06-20 10:56:06.339] [INFO] error - errError: This socket has been ended by the other party
[2017-06-20 10:56:06.340] [INFO] error - errError: This socket has been ended by the other party
[2017-06-20 10:56:11.356] [INFO] error - errError: This socket is closed
[2017-06-20 10:56:11.358] [INFO] error - errError: This socket is closed
[2017-06-20 10:56:11.358] [INFO] error - errError: This socket is closed
[2017-06-20 10:56:11.359] [INFO] error - errError: This socket is closed
[2017-06-20 10:56:11.360] [INFO] error - errError: This socket has been ended by the other party
[2017-06-20 10:56:11.361] [INFO] error - errError: This socket has been ended by the other party
[2017-06-20 10:56:16.312] [INFO] error - errError: This socket is closed
[2017-06-20 10:56:16.313] [INFO] error - errError: This socket is closed
[2017-06-20 10:56:16.315] [INFO] error - errError: This socket is closed
[2017-06-20 10:56:16.315] [INFO] error - errError: This socket is closed
[2017-06-20 10:56:16.319] [INFO] error - errError: This socket has been ended by the other party
[2017-06-20 10:56:16.320] [INFO] error - errError: This socket has been ended by the other party
[2017-06-20 10:56:21.416] [INFO] error - errError: This socket is closed
[2017-06-20 10:56:21.417] [INFO] error - errError: This socket is closed
[2017-06-20 10:56:21.419] [INFO] error - errError: This socket is closed
[2017-06-20 10:56:21.420] [INFO] error - errError: This socket is closed
[2017-06-20 10:56:21.421] [INFO] error - errError: This socket has been ended by the other party
[2017-06-20 10:56:21.421] [INFO] error - errError: This socket has been ended by the other party
[2017-06-20 10:56:26.309] [INFO] error - errError: This socket is closed
[2017-06-20 10:56:26.311] [INFO] error - errError: This socket is closed
[2017-06-20 10:56:26.312] [INFO] error - errError: This socket is closed
[2017-06-20 10:56:26.314] [INFO] error - errError: This socket is closed
[2017-06-20 10:56:26.315] [INFO] error - errError: This socket has been ended by the other party
[2017-06-20 10:56:26.316] [INFO] error - errError: This socket has been ended by the other party
[2017-06-20 10:56:31.506] [INFO] error - errError: This socket is closed
[2017-06-20 10:56:31.507] [INFO] error - errError: This socket is closed
[2017-06-20 10:56:31.507] [INFO] error - errError: This socket is closed
[2017-06-20 10:56:31.508] [INFO] error - errError: This socket is closed
[2017-06-20 10:56:31.508] [INFO] error - errError: This socket has been ended by the other party
[2017-06-20 10:56:31.510] [INFO] error - errError: This socket has been ended by the other party
[2017-06-20 10:56:36.318] [INFO] error - errError: This socket is closed
[2017-06-20 10:56:36.318] [INFO] error - errError: This socket is closed
[2017-06-20 10:56:36.319] [INFO] error - errError: This socket is closed
[2017-06-20 10:56:36.320] [INFO] error - errError: This socket is closed
[2017-06-20 10:56:36.320] [INFO] error - errError: This socket has been ended by the other party
[2017-06-20 10:56:36.321] [INFO] error - errError: This socket has been ended by the other party
[2017-06-20 10:56:41.322] [INFO] error - errError: This socket is closed
[2017-06-20 10:56:41.323] [INFO] error - errError: This socket is closed
[2017-06-20 10:56:41.324] [INFO] error - errError: This socket is closed
[2017-06-20 10:56:41.326] [INFO] error - errError: This socket is closed
[2017-06-20 10:56:41.327] [INFO] error - errError: This socket has been ended by the other party
[2017-06-20 10:56:41.330] [INFO] error - errError: This socket has been ended by the other party
[2017-06-20 10:56:46.398] [INFO] error - errError: This socket is closed
[2017-06-20 10:56:46.399] [INFO] error - errError: This socket is closed
[2017-06-20 10:56:46.400] [INFO] error - errError: This socket is closed
[2017-06-20 10:56:46.401] [INFO] error - errError: This socket is closed
[2017-06-20 10:56:46.403] [INFO] error - errError: This socket has been ended by the other party
[2017-06-20 10:56:46.406] [INFO] error - errError: This socket has been ended by the other party
[2017-06-20 10:56:51.331] [INFO] error - errError: This socket is closed
[2017-06-20 10:56:51.333] [INFO] error - errError: This socket is closed
[2017-06-20 10:56:51.335] [INFO] error - errError: This socket is closed
[2017-06-20 10:56:51.336] [INFO] error - errError: This socket is closed
[2017-06-20 10:56:51.337] [INFO] error - errError: This socket has been ended by the other party
[2017-06-20 10:56:51.338] [INFO] error - errError: This socket has been ended by the other party
[2017-06-20 10:56:56.507] [INFO] error - errError: This socket is closed
[2017-06-20 10:56:56.508] [INFO] error - errError: This socket is closed
[2017-06-20 10:56:56.509] [INFO] error - errError: This socket is closed
[2017-06-20 10:56:56.510] [INFO] error - errError: This socket is closed
[2017-06-20 10:56:56.511] [INFO] error - errError: This socket has been ended by the other party
[2017-06-20 10:56:56.512] [INFO] error - errError: This socket has been ended by the other party
[2017-06-20 10:57:01.321] [INFO] error - errError: This socket is closed
[2017-06-20 10:57:01.322] [INFO] error - errError: This socket is closed
[2017-06-20 10:57:01.324] [INFO] error - errError: This socket is closed
[2017-06-20 10:57:01.325] [INFO] error - errError: This socket is closed
[2017-06-20 10:57:01.326] [INFO] error - errError: This socket has been ended by the other party
[2017-06-20 10:57:01.328] [INFO] error - errError: This socket has been ended by the other party
[2017-06-20 10:57:06.376] [INFO] error - errError: This socket is closed
[2017-06-20 10:57:06.378] [INFO] error - errError: This socket is closed
[2017-06-20 10:57:06.379] [INFO] error - errError: This socket is closed
[2017-06-20 10:57:06.380] [INFO] error - errError: This socket is closed
[2017-06-20 10:57:06.381] [INFO] error - errError: This socket has been ended by the other party
[2017-06-20 10:57:06.384] [INFO] error - errError: This socket has been ended by the other party
[2017-06-20 11:24:40.284] [INFO] error - errError: read ECONNRESET
[2017-06-20 11:24:41.262] [INFO] error - errError: This socket has been ended by the other party
[2017-06-20 11:25:06.208] [INFO] error - errError: write EPIPE
[2017-06-20 11:25:50.106] [INFO] error - errError: This socket has been ended by the other party
[2017-06-20 11:26:49.718] [INFO] error - errError: This socket has been ended by the other party
[2017-06-20 11:29:32.639] [INFO] error - errError: write EPIPE
[2017-06-20 11:29:38.791] [INFO] error - errError: write EPIPE
[2017-06-20 11:29:39.789] [INFO] error - errError: This socket has been ended by the other party
[2017-06-20 11:30:15.620] [INFO] error - errError: This socket has been ended by the other party
[2017-06-20 11:30:46.082] [INFO] error - errError: This socket has been ended by the other party
[2017-06-20 11:31:15.352] [INFO] error - errError: write EPIPE
[2017-06-20 11:31:17.308] [INFO] error - errError: This socket is closed
[2017-06-20 11:31:17.309] [INFO] error - errError: This socket is closed
[2017-06-20 11:31:17.312] [INFO] error - errError: This socket is closed
[2017-06-20 11:31:17.314] [INFO] error - errError: This socket is closed
[2017-06-20 11:31:17.324] [INFO] error - errError: write EPIPE
[2017-06-20 11:31:18.313] [INFO] error - errError: This socket has been ended by the other party
[2017-06-20 11:33:04.045] [INFO] error - errError: write EPIPE
[2017-06-20 11:33:06.106] [INFO] error - errError: This socket is closed
[2017-06-20 11:33:06.107] [INFO] error - errError: This socket is closed
[2017-06-20 11:33:06.109] [INFO] error - errError: This socket is closed
[2017-06-20 11:33:06.110] [INFO] error - errError: This socket is closed
[2017-06-20 11:33:07.105] [INFO] error - errError: This socket has been ended by the other party
[2017-06-20 11:38:28.248] [INFO] error - errError: write EPIPE
[2017-06-20 11:38:31.750] [INFO] error - errError: write EPIPE
[2017-06-20 11:38:32.051] [INFO] error - errError: write EPIPE
[2017-06-20 11:38:32.286] [INFO] error - errError: write EPIPE
[2017-06-20 11:38:32.512] [INFO] error - errError: write EPIPE
[2017-06-20 11:38:32.684] [INFO] error - errError: write EPIPE
[2017-06-20 11:38:33.151] [INFO] error - errError: write EPIPE
[2017-06-20 11:38:33.312] [INFO] error - errError: write EPIPE
[2017-06-20 11:38:36.177] [INFO] error - errError: read ECONNRESET
[2017-06-20 11:39:08.927] [INFO] error - errError: This socket has been ended by the other party
[2017-06-20 11:40:37.462] [INFO] error - errError: This socket has been ended by the other party
[2017-06-20 11:40:55.027] [INFO] error - errError: This socket has been ended by the other party
[2017-06-20 11:42:39.200] [INFO] error - errError: This socket has been ended by the other party
[2017-06-20 11:43:33.779] [INFO] error - errError: This socket has been ended by the other party
[2017-06-20 11:43:33.781] [INFO] error - errError: This socket has been ended by the other party
[2017-06-20 11:43:35.858] [INFO] error - errError: This socket has been ended by the other party
[2017-06-20 11:43:35.862] [INFO] error - errError: This socket has been ended by the other party
[2017-06-20 11:43:37.646] [INFO] error - errError: This socket has been ended by the other party
[2017-06-20 11:43:37.647] [INFO] error - errError: This socket has been ended by the other party
[2017-06-20 11:43:39.653] [INFO] error - errError: This socket has been ended by the other party
[2017-06-20 11:43:39.654] [INFO] error - errError: This socket has been ended by the other party
[2017-06-20 11:43:41.650] [INFO] error - errError: This socket has been ended by the other party
[2017-06-20 11:43:41.651] [INFO] error - errError: This socket has been ended by the other party
[2017-06-20 11:43:43.660] [INFO] error - errError: This socket has been ended by the other party
[2017-06-20 11:43:43.663] [INFO] error - errError: This socket has been ended by the other party
[2017-06-20 11:43:45.681] [INFO] error - errError: This socket has been ended by the other party
[2017-06-20 11:43:45.682] [INFO] error - errError: This socket has been ended by the other party
[2017-06-20 11:43:47.661] [INFO] error - errError: This socket has been ended by the other party
[2017-06-20 11:43:47.665] [INFO] error - errError: This socket has been ended by the other party
[2017-06-20 11:43:49.662] [INFO] error - errError: This socket has been ended by the other party
[2017-06-20 11:43:49.663] [INFO] error - errError: This socket has been ended by the other party
[2017-06-20 11:43:51.663] [INFO] error - errError: This socket has been ended by the other party
[2017-06-20 11:43:51.669] [INFO] error - errError: This socket has been ended by the other party
[2017-06-20 11:43:53.672] [INFO] error - errError: This socket has been ended by the other party
[2017-06-20 11:43:53.673] [INFO] error - errError: This socket has been ended by the other party
[2017-06-20 11:43:55.782] [INFO] error - errError: This socket has been ended by the other party
[2017-06-20 11:43:55.784] [INFO] error - errError: This socket has been ended by the other party
[2017-06-20 11:43:57.868] [INFO] error - errError: This socket has been ended by the other party
[2017-06-20 11:43:57.870] [INFO] error - errError: This socket has been ended by the other party
[2017-06-20 11:43:59.696] [INFO] error - errError: This socket has been ended by the other party
[2017-06-20 11:43:59.697] [INFO] error - errError: This socket has been ended by the other party
[2017-06-20 11:44:01.686] [INFO] error - errError: This socket has been ended by the other party
[2017-06-20 11:44:01.688] [INFO] error - errError: This socket has been ended by the other party
[2017-06-20 11:44:03.685] [INFO] error - errError: This socket has been ended by the other party
[2017-06-20 11:44:03.686] [INFO] error - errError: This socket has been ended by the other party
[2017-06-20 11:44:05.678] [INFO] error - errError: This socket has been ended by the other party
[2017-06-20 11:44:05.679] [INFO] error - errError: This socket has been ended by the other party
[2017-06-20 11:44:07.700] [INFO] error - errError: This socket has been ended by the other party
[2017-06-20 11:44:07.702] [INFO] error - errError: This socket has been ended by the other party
[2017-06-20 11:44:09.761] [INFO] error - errError: This socket has been ended by the other party
[2017-06-20 11:44:09.762] [INFO] error - errError: This socket has been ended by the other party
[2017-06-20 11:44:11.868] [INFO] error - errError: This socket has been ended by the other party
[2017-06-20 11:44:11.869] [INFO] error - errError: This socket has been ended by the other party
[2017-06-20 11:44:13.724] [INFO] error - errError: This socket has been ended by the other party
[2017-06-20 11:44:13.727] [INFO] error - errError: This socket has been ended by the other party
[2017-06-20 11:44:15.711] [INFO] error - errError: This socket has been ended by the other party
[2017-06-20 11:44:15.712] [INFO] error - errError: This socket has been ended by the other party
[2017-06-20 11:44:17.819] [INFO] error - errError: This socket has been ended by the other party
[2017-06-20 11:44:17.820] [INFO] error - errError: This socket has been ended by the other party
[2017-06-20 11:44:19.896] [INFO] error - errError: This socket has been ended by the other party
[2017-06-20 11:44:19.897] [INFO] error - errError: This socket has been ended by the other party
[2017-06-20 11:44:21.723] [INFO] error - errError: This socket has been ended by the other party
[2017-06-20 11:44:21.724] [INFO] error - errError: This socket has been ended by the other party
[2017-06-20 11:44:23.724] [INFO] error - errError: This socket has been ended by the other party
[2017-06-20 11:44:23.728] [INFO] error - errError: This socket has been ended by the other party
[2017-06-20 11:44:25.731] [INFO] error - errError: This socket has been ended by the other party
[2017-06-20 11:44:25.733] [INFO] error - errError: This socket has been ended by the other party
[2017-06-20 11:44:27.728] [INFO] error - errError: This socket has been ended by the other party
[2017-06-20 11:44:27.730] [INFO] error - errError: This socket has been ended by the other party
[2017-06-20 11:44:29.721] [INFO] error - errError: This socket has been ended by the other party
[2017-06-20 11:44:29.723] [INFO] error - errError: This socket has been ended by the other party
[2017-06-20 11:44:31.821] [INFO] error - errError: This socket has been ended by the other party
[2017-06-20 11:44:31.822] [INFO] error - errError: This socket has been ended by the other party
[2017-06-20 11:44:33.735] [INFO] error - errError: This socket has been ended by the other party
[2017-06-20 11:44:33.736] [INFO] error - errError: This socket has been ended by the other party
[2017-06-20 11:44:35.740] [INFO] error - errError: This socket has been ended by the other party
[2017-06-20 11:44:35.741] [INFO] error - errError: This socket has been ended by the other party
[2017-06-20 11:44:37.759] [INFO] error - errError: This socket has been ended by the other party
[2017-06-20 11:44:37.762] [INFO] error - errError: This socket has been ended by the other party
[2017-06-20 11:44:39.830] [INFO] error - errError: This socket has been ended by the other party
[2017-06-20 11:44:39.832] [INFO] error - errError: This socket has been ended by the other party
[2017-06-20 11:44:41.920] [INFO] error - errError: This socket has been ended by the other party
[2017-06-20 11:44:41.921] [INFO] error - errError: This socket has been ended by the other party
[2017-06-20 11:44:44.009] [INFO] error - errError: This socket has been ended by the other party
[2017-06-20 11:44:44.011] [INFO] error - errError: This socket has been ended by the other party
[2017-06-20 11:44:45.767] [INFO] error - errError: This socket has been ended by the other party
[2017-06-20 11:44:45.768] [INFO] error - errError: This socket has been ended by the other party
[2017-06-20 11:44:47.752] [INFO] error - errError: This socket has been ended by the other party
[2017-06-20 11:44:47.754] [INFO] error - errError: This socket has been ended by the other party
[2017-06-20 11:44:49.752] [INFO] error - errError: This socket has been ended by the other party
[2017-06-20 11:44:49.753] [INFO] error - errError: This socket has been ended by the other party
[2017-06-20 11:44:51.763] [INFO] error - errError: This socket has been ended by the other party
[2017-06-20 11:44:51.765] [INFO] error - errError: This socket has been ended by the other party
[2017-06-20 11:44:53.844] [INFO] error - errError: This socket has been ended by the other party
[2017-06-20 11:44:53.847] [INFO] error - errError: This socket has been ended by the other party
[2017-06-20 11:44:55.765] [INFO] error - errError: This socket has been ended by the other party
[2017-06-20 11:44:55.767] [INFO] error - errError: This socket has been ended by the other party
[2017-06-20 11:44:57.826] [INFO] error - errError: This socket has been ended by the other party
[2017-06-20 11:44:57.827] [INFO] error - errError: This socket has been ended by the other party
[2017-06-20 11:44:59.789] [INFO] error - errError: This socket has been ended by the other party
[2017-06-20 11:44:59.790] [INFO] error - errError: This socket has been ended by the other party
[2017-06-20 11:45:01.837] [INFO] error - errError: This socket has been ended by the other party
[2017-06-20 11:45:01.839] [INFO] error - errError: This socket has been ended by the other party
[2017-06-20 11:45:03.939] [INFO] error - errError: This socket has been ended by the other party
[2017-06-20 11:45:03.940] [INFO] error - errError: This socket has been ended by the other party
[2017-06-20 11:45:05.991] [INFO] error - errError: This socket has been ended by the other party
[2017-06-20 11:45:05.991] [INFO] error - errError: This socket has been ended by the other party
[2017-06-20 11:45:07.784] [INFO] error - errError: This socket has been ended by the other party
[2017-06-20 11:45:07.785] [INFO] error - errError: This socket has been ended by the other party
[2017-06-20 11:45:09.825] [INFO] error - errError: This socket has been ended by the other party
[2017-06-20 11:45:09.828] [INFO] error - errError: This socket has been ended by the other party
[2017-06-20 11:45:11.789] [INFO] error - errError: This socket has been ended by the other party
[2017-06-20 11:45:11.789] [INFO] error - errError: This socket has been ended by the other party
[2017-06-20 11:45:13.791] [INFO] error - errError: This socket has been ended by the other party
[2017-06-20 11:45:13.792] [INFO] error - errError: This socket has been ended by the other party
[2017-06-20 11:45:15.874] [INFO] error - errError: This socket has been ended by the other party
[2017-06-20 11:45:15.875] [INFO] error - errError: This socket has been ended by the other party
[2017-06-20 11:45:17.799] [INFO] error - errError: This socket has been ended by the other party
[2017-06-20 11:45:17.800] [INFO] error - errError: This socket has been ended by the other party
[2017-06-20 11:45:19.811] [INFO] error - errError: This socket has been ended by the other party
[2017-06-20 11:45:19.817] [INFO] error - errError: This socket has been ended by the other party
[2017-06-20 11:45:21.815] [INFO] error - errError: This socket has been ended by the other party
[2017-06-20 11:45:21.817] [INFO] error - errError: This socket has been ended by the other party
[2017-06-20 11:45:23.877] [INFO] error - errError: This socket has been ended by the other party
[2017-06-20 11:45:23.879] [INFO] error - errError: This socket has been ended by the other party
[2017-06-20 11:45:25.954] [INFO] error - errError: This socket has been ended by the other party
[2017-06-20 11:45:25.956] [INFO] error - errError: This socket has been ended by the other party
[2017-06-20 11:45:28.044] [INFO] error - errError: This socket has been ended by the other party
[2017-06-20 11:45:28.048] [INFO] error - errError: This socket has been ended by the other party
[2017-06-20 11:45:29.823] [INFO] error - errError: This socket has been ended by the other party
[2017-06-20 11:45:29.824] [INFO] error - errError: This socket has been ended by the other party
[2017-06-20 11:45:31.809] [INFO] error - errError: This socket has been ended by the other party
[2017-06-20 11:45:31.811] [INFO] error - errError: This socket has been ended by the other party
[2017-06-20 11:45:33.837] [INFO] error - errError: This socket has been ended by the other party
[2017-06-20 11:45:33.840] [INFO] error - errError: This socket has been ended by the other party
[2017-06-20 11:45:35.825] [INFO] error - errError: This socket has been ended by the other party
[2017-06-20 11:45:35.826] [INFO] error - errError: This socket has been ended by the other party
[2017-06-20 11:45:37.891] [INFO] error - errError: This socket has been ended by the other party
[2017-06-20 11:45:37.891] [INFO] error - errError: This socket has been ended by the other party
[2017-06-20 11:45:39.846] [INFO] error - errError: This socket has been ended by the other party
[2017-06-20 11:45:39.847] [INFO] error - errError: This socket has been ended by the other party
[2017-06-20 11:45:41.841] [INFO] error - errError: This socket has been ended by the other party
[2017-06-20 11:45:41.843] [INFO] error - errError: This socket has been ended by the other party
[2017-06-20 11:45:43.879] [INFO] error - errError: This socket has been ended by the other party
[2017-06-20 11:45:43.881] [INFO] error - errError: This socket has been ended by the other party
[2017-06-20 11:45:45.904] [INFO] error - errError: This socket has been ended by the other party
[2017-06-20 11:45:45.907] [INFO] error - errError: This socket has been ended by the other party
[2017-06-20 11:45:47.973] [INFO] error - errError: This socket has been ended by the other party
[2017-06-20 11:45:47.974] [INFO] error - errError: This socket has been ended by the other party
[2017-06-20 11:45:50.060] [INFO] error - errError: This socket has been ended by the other party
[2017-06-20 11:45:50.061] [INFO] error - errError: This socket has been ended by the other party
[2017-06-20 11:45:51.873] [INFO] error - errError: This socket has been ended by the other party
[2017-06-20 11:45:51.874] [INFO] error - errError: This socket has been ended by the other party
[2017-06-20 11:45:53.873] [INFO] error - errError: This socket has been ended by the other party
[2017-06-20 11:45:53.876] [INFO] error - errError: This socket has been ended by the other party
[2017-06-20 11:45:55.849] [INFO] error - errError: This socket has been ended by the other party
[2017-06-20 11:45:55.849] [INFO] error - errError: This socket has been ended by the other party
[2017-06-20 11:45:57.856] [INFO] error - errError: This socket has been ended by the other party
[2017-06-20 11:45:57.857] [INFO] error - errError: This socket has been ended by the other party
[2017-06-20 11:45:59.894] [INFO] error - errError: This socket has been ended by the other party
[2017-06-20 11:45:59.896] [INFO] error - errError: This socket has been ended by the other party
[2017-06-20 11:46:01.963] [INFO] error - errError: This socket has been ended by the other party
[2017-06-20 11:46:01.965] [INFO] error - errError: This socket has been ended by the other party
[2017-06-20 11:46:03.857] [INFO] error - errError: This socket has been ended by the other party
[2017-06-20 11:46:03.857] [INFO] error - errError: This socket has been ended by the other party
[2017-06-20 11:46:05.930] [INFO] error - errError: This socket has been ended by the other party
[2017-06-20 11:46:05.932] [INFO] error - errError: This socket has been ended by the other party
[2017-06-20 11:46:07.985] [INFO] error - errError: This socket has been ended by the other party
[2017-06-20 11:46:07.986] [INFO] error - errError: This socket has been ended by the other party
[2017-06-20 11:46:09.994] [INFO] error - errError: This socket has been ended by the other party
[2017-06-20 11:46:09.997] [INFO] error - errError: This socket has been ended by the other party
[2017-06-20 11:46:12.088] [INFO] error - errError: This socket has been ended by the other party
[2017-06-20 11:46:12.089] [INFO] error - errError: This socket has been ended by the other party
[2017-06-20 11:46:13.921] [INFO] error - errError: This socket has been ended by the other party
[2017-06-20 11:46:13.925] [INFO] error - errError: This socket has been ended by the other party
[2017-06-20 11:46:15.896] [INFO] error - errError: This socket has been ended by the other party
[2017-06-20 11:46:15.898] [INFO] error - errError: This socket has been ended by the other party
[2017-06-20 11:46:17.954] [INFO] error - errError: This socket has been ended by the other party
[2017-06-20 11:46:17.955] [INFO] error - errError: This socket has been ended by the other party
[2017-06-20 11:46:19.889] [INFO] error - errError: This socket has been ended by the other party
[2017-06-20 11:46:19.890] [INFO] error - errError: This socket has been ended by the other party
[2017-06-20 11:46:21.919] [INFO] error - errError: This socket has been ended by the other party
[2017-06-20 11:46:21.921] [INFO] error - errError: This socket has been ended by the other party
[2017-06-20 11:46:23.979] [INFO] error - errError: This socket has been ended by the other party
[2017-06-20 11:46:23.980] [INFO] error - errError: This socket has been ended by the other party
[2017-06-20 11:46:25.901] [INFO] error - errError: This socket has been ended by the other party
[2017-06-20 11:46:25.902] [INFO] error - errError: This socket has been ended by the other party
[2017-06-20 11:46:27.903] [INFO] error - errError: This socket has been ended by the other party
[2017-06-20 11:46:27.905] [INFO] error - errError: This socket has been ended by the other party
[2017-06-20 11:46:29.910] [INFO] error - errError: This socket has been ended by the other party
[2017-06-20 11:46:29.911] [INFO] error - errError: This socket has been ended by the other party
[2017-06-20 11:46:32.008] [INFO] error - errError: This socket has been ended by the other party
[2017-06-20 11:46:32.010] [INFO] error - errError: This socket has been ended by the other party
[2017-06-20 11:46:34.115] [INFO] error - errError: This socket has been ended by the other party
[2017-06-20 11:46:34.116] [INFO] error - errError: This socket has been ended by the other party
[2017-06-20 11:46:35.908] [INFO] error - errError: This socket has been ended by the other party
[2017-06-20 11:46:35.908] [INFO] error - errError: This socket has been ended by the other party
[2017-06-20 11:46:37.918] [INFO] error - errError: This socket has been ended by the other party
[2017-06-20 11:46:37.920] [INFO] error - errError: This socket has been ended by the other party
[2017-06-20 11:46:39.907] [INFO] error - errError: This socket has been ended by the other party
[2017-06-20 11:46:39.908] [INFO] error - errError: This socket has been ended by the other party
[2017-06-20 11:46:41.921] [INFO] error - errError: This socket has been ended by the other party
[2017-06-20 11:46:41.923] [INFO] error - errError: This socket has been ended by the other party
[2017-06-20 11:46:43.943] [INFO] error - errError: This socket has been ended by the other party
[2017-06-20 11:46:43.944] [INFO] error - errError: This socket has been ended by the other party
[2017-06-20 11:46:46.006] [INFO] error - errError: This socket has been ended by the other party
[2017-06-20 11:46:46.007] [INFO] error - errError: This socket has been ended by the other party
[2017-06-20 11:46:47.918] [INFO] error - errError: This socket has been ended by the other party
[2017-06-20 11:46:47.919] [INFO] error - errError: This socket has been ended by the other party
[2017-06-20 11:46:49.936] [INFO] error - errError: This socket has been ended by the other party
[2017-06-20 11:46:49.937] [INFO] error - errError: This socket has been ended by the other party
[2017-06-20 11:46:51.935] [INFO] error - errError: This socket has been ended by the other party
[2017-06-20 11:46:51.935] [INFO] error - errError: This socket has been ended by the other party
[2017-06-20 11:46:54.028] [INFO] error - errError: This socket has been ended by the other party
[2017-06-20 11:46:54.030] [INFO] error - errError: This socket has been ended by the other party
[2017-06-20 11:46:56.302] [INFO] error - errError: This socket has been ended by the other party
[2017-06-20 11:46:56.304] [INFO] error - errError: This socket has been ended by the other party
[2017-06-20 11:46:57.946] [INFO] error - errError: This socket has been ended by the other party
[2017-06-20 11:46:57.947] [INFO] error - errError: This socket has been ended by the other party
[2017-06-20 11:46:59.937] [INFO] error - errError: This socket has been ended by the other party
[2017-06-20 11:46:59.938] [INFO] error - errError: This socket has been ended by the other party
[2017-06-20 11:47:01.945] [INFO] error - errError: This socket has been ended by the other party
[2017-06-20 11:47:01.948] [INFO] error - errError: This socket has been ended by the other party
[2017-06-20 11:47:03.955] [INFO] error - errError: This socket has been ended by the other party
[2017-06-20 11:47:03.957] [INFO] error - errError: This socket has been ended by the other party
[2017-06-20 11:47:05.975] [INFO] error - errError: This socket has been ended by the other party
[2017-06-20 11:47:05.977] [INFO] error - errError: This socket has been ended by the other party
[2017-06-20 11:47:08.041] [INFO] error - errError: This socket has been ended by the other party
[2017-06-20 11:47:08.043] [INFO] error - errError: This socket has been ended by the other party
[2017-06-20 11:47:09.954] [INFO] error - errError: This socket has been ended by the other party
[2017-06-20 11:47:09.956] [INFO] error - errError: This socket has been ended by the other party
[2017-06-20 11:47:11.959] [INFO] error - errError: This socket has been ended by the other party
[2017-06-20 11:47:11.960] [INFO] error - errError: This socket has been ended by the other party
[2017-06-20 11:47:13.960] [INFO] error - errError: This socket has been ended by the other party
[2017-06-20 11:47:13.961] [INFO] error - errError: This socket has been ended by the other party
[2017-06-20 11:47:16.077] [INFO] error - errError: This socket has been ended by the other party
[2017-06-20 11:47:16.078] [INFO] error - errError: This socket has been ended by the other party
[2017-06-20 11:47:18.138] [INFO] error - errError: This socket has been ended by the other party
[2017-06-20 11:47:18.139] [INFO] error - errError: This socket has been ended by the other party
[2017-06-20 11:47:19.978] [INFO] error - errError: This socket has been ended by the other party
[2017-06-20 11:47:19.979] [INFO] error - errError: This socket has been ended by the other party
[2017-06-20 11:47:21.969] [INFO] error - errError: This socket has been ended by the other party
[2017-06-20 11:47:21.971] [INFO] error - errError: This socket has been ended by the other party
[2017-06-20 11:47:23.986] [INFO] error - errError: This socket has been ended by the other party
[2017-06-20 11:47:23.988] [INFO] error - errError: This socket has been ended by the other party
[2017-06-20 11:47:25.997] [INFO] error - errError: This socket has been ended by the other party
[2017-06-20 11:47:26.000] [INFO] error - errError: This socket has been ended by the other party
[2017-06-20 11:47:28.002] [INFO] error - errError: This socket has been ended by the other party
[2017-06-20 11:47:28.006] [INFO] error - errError: This socket has been ended by the other party
[2017-06-20 11:47:30.083] [INFO] error - errError: This socket has been ended by the other party
[2017-06-20 11:47:30.084] [INFO] error - errError: This socket has been ended by the other party
[2017-06-20 11:47:32.129] [INFO] error - errError: This socket has been ended by the other party
[2017-06-20 11:47:32.130] [INFO] error - errError: This socket has been ended by the other party
[2017-06-20 11:47:34.016] [INFO] error - errError: This socket has been ended by the other party
[2017-06-20 11:47:34.017] [INFO] error - errError: This socket has been ended by the other party
[2017-06-20 11:47:35.996] [INFO] error - errError: This socket has been ended by the other party
[2017-06-20 11:47:35.996] [INFO] error - errError: This socket has been ended by the other party
[2017-06-20 11:47:38.069] [INFO] error - errError: This socket has been ended by the other party
[2017-06-20 11:47:38.071] [INFO] error - errError: This socket has been ended by the other party
[2017-06-20 11:47:40.169] [INFO] error - errError: This socket has been ended by the other party
[2017-06-20 11:47:40.169] [INFO] error - errError: This socket has been ended by the other party
[2017-06-20 11:47:42.228] [INFO] error - errError: This socket has been ended by the other party
[2017-06-20 11:47:42.229] [INFO] error - errError: This socket has been ended by the other party
[2017-06-20 11:47:44.009] [INFO] error - errError: This socket has been ended by the other party
[2017-06-20 11:47:44.011] [INFO] error - errError: This socket has been ended by the other party
[2017-06-20 11:47:46.039] [INFO] error - errError: This socket has been ended by the other party
[2017-06-20 11:47:46.040] [INFO] error - errError: This socket has been ended by the other party
[2017-06-20 11:47:48.061] [INFO] error - errError: This socket has been ended by the other party
[2017-06-20 11:47:48.062] [INFO] error - errError: This socket has been ended by the other party
[2017-06-20 11:47:50.024] [INFO] error - errError: This socket has been ended by the other party
[2017-06-20 11:47:50.027] [INFO] error - errError: This socket has been ended by the other party
[2017-06-20 11:47:52.151] [INFO] error - errError: This socket has been ended by the other party
[2017-06-20 11:47:52.152] [INFO] error - errError: This socket has been ended by the other party
[2017-06-20 11:47:54.028] [INFO] error - errError: This socket has been ended by the other party
[2017-06-20 11:47:54.030] [INFO] error - errError: This socket has been ended by the other party
[2017-06-20 11:47:56.051] [INFO] error - errError: This socket has been ended by the other party
[2017-06-20 11:47:56.052] [INFO] error - errError: This socket has been ended by the other party
[2017-06-20 11:47:58.036] [INFO] error - errError: This socket has been ended by the other party
[2017-06-20 11:47:58.037] [INFO] error - errError: This socket has been ended by the other party
[2017-06-20 11:48:00.088] [INFO] error - errError: This socket has been ended by the other party
[2017-06-20 11:48:00.090] [INFO] error - errError: This socket has been ended by the other party
[2017-06-20 11:48:02.187] [INFO] error - errError: This socket has been ended by the other party
[2017-06-20 11:48:02.189] [INFO] error - errError: This socket has been ended by the other party
[2017-06-20 11:48:04.270] [INFO] error - errError: This socket has been ended by the other party
[2017-06-20 11:48:04.272] [INFO] error - errError: This socket has been ended by the other party
[2017-06-20 11:48:06.063] [INFO] error - errError: This socket has been ended by the other party
[2017-06-20 11:48:06.064] [INFO] error - errError: This socket has been ended by the other party
[2017-06-20 11:48:08.053] [INFO] error - errError: This socket has been ended by the other party
[2017-06-20 11:48:08.055] [INFO] error - errError: This socket has been ended by the other party
[2017-06-20 11:48:10.066] [INFO] error - errError: This socket has been ended by the other party
[2017-06-20 11:48:10.068] [INFO] error - errError: This socket has been ended by the other party
[2017-06-20 11:48:12.063] [INFO] error - errError: This socket has been ended by the other party
[2017-06-20 11:48:12.064] [INFO] error - errError: This socket has been ended by the other party
[2017-06-20 11:48:14.107] [INFO] error - errError: This socket has been ended by the other party
[2017-06-20 11:48:14.109] [INFO] error - errError: This socket has been ended by the other party
[2017-06-20 11:48:16.065] [INFO] error - errError: This socket has been ended by the other party
[2017-06-20 11:48:16.067] [INFO] error - errError: This socket has been ended by the other party
[2017-06-20 11:48:18.085] [INFO] error - errError: This socket has been ended by the other party
[2017-06-20 11:48:18.087] [INFO] error - errError: This socket has been ended by the other party
[2017-06-20 11:48:20.075] [INFO] error - errError: This socket has been ended by the other party
[2017-06-20 11:48:20.077] [INFO] error - errError: This socket has been ended by the other party
[2017-06-20 11:48:22.113] [INFO] error - errError: This socket has been ended by the other party
[2017-06-20 11:48:22.115] [INFO] error - errError: This socket has been ended by the other party
[2017-06-20 11:48:24.197] [INFO] error - errError: This socket has been ended by the other party
[2017-06-20 11:48:24.199] [INFO] error - errError: This socket has been ended by the other party
[2017-06-20 11:48:26.299] [INFO] error - errError: This socket has been ended by the other party
[2017-06-20 11:48:26.300] [INFO] error - errError: This socket has been ended by the other party
[2017-06-20 11:48:28.086] [INFO] error - errError: This socket has been ended by the other party
[2017-06-20 11:48:28.087] [INFO] error - errError: This socket has been ended by the other party
[2017-06-20 11:48:30.085] [INFO] error - errError: This socket has been ended by the other party
[2017-06-20 11:48:30.086] [INFO] error - errError: This socket has been ended by the other party
[2017-06-20 11:48:32.090] [INFO] error - errError: This socket has been ended by the other party
[2017-06-20 11:48:32.092] [INFO] error - errError: This socket has been ended by the other party
[2017-06-20 11:48:34.097] [INFO] error - errError: This socket has been ended by the other party
[2017-06-20 11:48:34.100] [INFO] error - errError: This socket has been ended by the other party
[2017-06-20 11:48:36.121] [INFO] error - errError: This socket has been ended by the other party
[2017-06-20 11:48:36.123] [INFO] error - errError: This socket has been ended by the other party
[2017-06-20 11:48:38.191] [INFO] error - errError: This socket has been ended by the other party
[2017-06-20 11:48:38.192] [INFO] error - errError: This socket has been ended by the other party
[2017-06-20 11:48:40.119] [INFO] error - errError: This socket has been ended by the other party
[2017-06-20 11:48:40.120] [INFO] error - errError: This socket has been ended by the other party
[2017-06-20 11:48:42.098] [INFO] error - errError: This socket has been ended by the other party
[2017-06-20 11:48:42.100] [INFO] error - errError: This socket has been ended by the other party
[2017-06-20 11:48:44.124] [INFO] error - errError: This socket has been ended by the other party
[2017-06-20 11:48:44.125] [INFO] error - errError: This socket has been ended by the other party
[2017-06-20 11:48:46.240] [INFO] error - errError: This socket has been ended by the other party
[2017-06-20 11:48:46.241] [INFO] error - errError: This socket has been ended by the other party
[2017-06-20 11:48:48.317] [INFO] error - errError: This socket has been ended by the other party
[2017-06-20 11:48:48.319] [INFO] error - errError: This socket has been ended by the other party
[2017-06-20 11:48:50.114] [INFO] error - errError: This socket has been ended by the other party
[2017-06-20 11:48:50.116] [INFO] error - errError: This socket has been ended by the other party
[2017-06-20 11:48:52.115] [INFO] error - errError: This socket has been ended by the other party
[2017-06-20 11:48:52.118] [INFO] error - errError: This socket has been ended by the other party
[2017-06-20 11:48:54.143] [INFO] error - errError: This socket has been ended by the other party
[2017-06-20 11:48:54.145] [INFO] error - errError: This socket has been ended by the other party
[2017-06-20 11:48:56.119] [INFO] error - errError: This socket has been ended by the other party
[2017-06-20 11:48:56.121] [INFO] error - errError: This socket has been ended by the other party
[2017-06-20 11:48:58.158] [INFO] error - errError: This socket has been ended by the other party
[2017-06-20 11:48:58.159] [INFO] error - errError: This socket has been ended by the other party
[2017-06-20 11:49:00.213] [INFO] error - errError: This socket has been ended by the other party
[2017-06-20 11:49:00.214] [INFO] error - errError: This socket has been ended by the other party
[2017-06-20 11:49:02.135] [INFO] error - errError: This socket has been ended by the other party
[2017-06-20 11:49:02.136] [INFO] error - errError: This socket has been ended by the other party
[2017-06-20 11:49:04.173] [INFO] error - errError: This socket has been ended by the other party
[2017-06-20 11:49:04.174] [INFO] error - errError: This socket has been ended by the other party
[2017-06-20 11:49:06.153] [INFO] error - errError: This socket has been ended by the other party
[2017-06-20 11:49:06.155] [INFO] error - errError: This socket has been ended by the other party
[2017-06-20 11:49:08.291] [INFO] error - errError: This socket has been ended by the other party
[2017-06-20 11:49:08.292] [INFO] error - errError: This socket has been ended by the other party
[2017-06-20 11:50:53.463] [INFO] error - errError: This socket has been ended by the other party
[2017-06-20 11:50:53.464] [INFO] error - errError: This socket has been ended by the other party
[2017-06-20 11:50:56.485] [INFO] error - errError: This socket has been ended by the other party
[2017-06-20 11:50:56.486] [INFO] error - errError: This socket has been ended by the other party
[2017-06-20 11:50:59.459] [INFO] error - errError: This socket has been ended by the other party
[2017-06-20 11:50:59.460] [INFO] error - errError: This socket has been ended by the other party
[2017-06-20 11:51:01.790] [INFO] error - errError: This socket has been ended by the other party
[2017-06-20 11:51:01.791] [INFO] error - errError: This socket has been ended by the other party
[2017-06-20 11:51:01.797] [INFO] error - errError: This socket has been ended by the other party
[2017-06-20 11:51:01.799] [INFO] error - errError: This socket has been ended by the other party
[2017-06-20 11:51:02.520] [INFO] error - errError: This socket has been ended by the other party
[2017-06-20 11:51:02.522] [INFO] error - errError: This socket has been ended by the other party
[2017-06-20 11:51:03.559] [INFO] error - errError: This socket has been ended by the other party
[2017-06-20 11:51:03.560] [INFO] error - errError: This socket has been ended by the other party
[2017-06-20 11:51:03.565] [INFO] error - errError: This socket has been ended by the other party
[2017-06-20 11:51:03.566] [INFO] error - errError: This socket has been ended by the other party
[2017-06-20 11:51:03.569] [INFO] error - errError: write EPIPE
[2017-06-20 11:51:04.066] [INFO] error - errError: This socket has been ended by the other party
[2017-06-20 11:51:04.068] [INFO] error - errError: This socket has been ended by the other party
[2017-06-20 11:51:04.071] [INFO] error - errError: This socket is closed
[2017-06-20 11:51:04.071] [INFO] error - errError: This socket is closed
[2017-06-20 11:51:04.078] [INFO] error - errError: This socket has been ended by the other party
[2017-06-20 11:51:04.080] [INFO] error - errError: This socket has been ended by the other party
[2017-06-20 11:51:04.083] [INFO] error - errError: This socket is closed
[2017-06-20 11:51:04.087] [INFO] error - errError: This socket is closed
[2017-06-20 11:51:04.089] [INFO] error - errError: write EPIPE
[2017-06-20 11:51:04.334] [INFO] error - errError: This socket has been ended by the other party
[2017-06-20 11:51:04.336] [INFO] error - errError: This socket has been ended by the other party
[2017-06-20 11:51:04.338] [INFO] error - errError: This socket is closed
[2017-06-20 11:51:04.339] [INFO] error - errError: This socket is closed
[2017-06-20 11:51:04.341] [INFO] error - errError: This socket is closed
[2017-06-20 11:51:04.342] [INFO] error - errError: This socket is closed
[2017-06-20 11:51:04.346] [INFO] error - errError: This socket has been ended by the other party
[2017-06-20 11:51:04.347] [INFO] error - errError: This socket has been ended by the other party
[2017-06-20 11:51:04.348] [INFO] error - errError: This socket is closed
[2017-06-20 11:51:04.349] [INFO] error - errError: This socket is closed
[2017-06-20 11:51:04.350] [INFO] error - errError: This socket is closed
[2017-06-20 11:51:04.351] [INFO] error - errError: This socket is closed
[2017-06-20 11:51:04.356] [INFO] error - errError: write EPIPE
[2017-06-20 11:51:04.570] [INFO] error - errError: This socket has been ended by the other party
[2017-06-20 11:51:04.571] [INFO] error - errError: This socket has been ended by the other party
[2017-06-20 11:51:04.572] [INFO] error - errError: This socket is closed
[2017-06-20 11:51:04.572] [INFO] error - errError: This socket is closed
[2017-06-20 11:51:04.576] [INFO] error - errError: This socket is closed
[2017-06-20 11:51:04.579] [INFO] error - errError: This socket is closed
[2017-06-20 11:51:04.582] [INFO] error - errError: This socket is closed
[2017-06-20 11:51:04.584] [INFO] error - errError: This socket is closed
[2017-06-20 11:51:04.589] [INFO] error - errError: This socket has been ended by the other party
[2017-06-20 11:51:04.592] [INFO] error - errError: This socket has been ended by the other party
[2017-06-20 11:51:04.593] [INFO] error - errError: This socket is closed
[2017-06-20 11:51:04.594] [INFO] error - errError: This socket is closed
[2017-06-20 11:51:04.595] [INFO] error - errError: This socket is closed
[2017-06-20 11:51:04.596] [INFO] error - errError: This socket is closed
[2017-06-20 11:51:04.597] [INFO] error - errError: This socket is closed
[2017-06-20 11:51:04.602] [INFO] error - errError: This socket is closed
[2017-06-20 11:51:04.606] [INFO] error - errError: write EPIPE
[2017-06-20 11:51:04.738] [INFO] error - errError: This socket has been ended by the other party
[2017-06-20 11:51:04.739] [INFO] error - errError: This socket has been ended by the other party
[2017-06-20 11:51:04.739] [INFO] error - errError: This socket is closed
[2017-06-20 11:51:04.742] [INFO] error - errError: This socket is closed
[2017-06-20 11:51:04.743] [INFO] error - errError: This socket is closed
[2017-06-20 11:51:04.743] [INFO] error - errError: This socket is closed
[2017-06-20 11:51:04.744] [INFO] error - errError: This socket is closed
[2017-06-20 11:51:04.745] [INFO] error - errError: This socket is closed
[2017-06-20 11:51:04.745] [INFO] error - errError: This socket is closed
[2017-06-20 11:51:04.747] [INFO] error - errError: This socket is closed
[2017-06-20 11:51:04.749] [INFO] error - errError: This socket has been ended by the other party
[2017-06-20 11:51:04.750] [INFO] error - errError: This socket has been ended by the other party
[2017-06-20 11:51:04.751] [INFO] error - errError: This socket is closed
[2017-06-20 11:51:04.752] [INFO] error - errError: This socket is closed
[2017-06-20 11:51:04.754] [INFO] error - errError: This socket is closed
[2017-06-20 11:51:04.755] [INFO] error - errError: This socket is closed
[2017-06-20 11:51:04.755] [INFO] error - errError: This socket is closed
[2017-06-20 11:51:04.756] [INFO] error - errError: This socket is closed
[2017-06-20 11:51:04.758] [INFO] error - errError: This socket is closed
[2017-06-20 11:51:04.759] [INFO] error - errError: This socket is closed
[2017-06-20 11:51:04.760] [INFO] error - errError: write EPIPE
[2017-06-20 11:51:04.873] [INFO] error - errError: This socket has been ended by the other party
[2017-06-20 11:51:04.874] [INFO] error - errError: This socket has been ended by the other party
[2017-06-20 11:51:04.875] [INFO] error - errError: This socket is closed
[2017-06-20 11:51:04.876] [INFO] error - errError: This socket is closed
[2017-06-20 11:51:04.876] [INFO] error - errError: This socket is closed
[2017-06-20 11:51:04.877] [INFO] error - errError: This socket is closed
[2017-06-20 11:51:04.878] [INFO] error - errError: This socket is closed
[2017-06-20 11:51:04.879] [INFO] error - errError: This socket is closed
[2017-06-20 11:51:04.879] [INFO] error - errError: This socket is closed
[2017-06-20 11:51:04.880] [INFO] error - errError: This socket is closed
[2017-06-20 11:51:04.880] [INFO] error - errError: This socket is closed
[2017-06-20 11:51:04.881] [INFO] error - errError: This socket is closed
[2017-06-20 11:51:04.883] [INFO] error - errError: This socket has been ended by the other party
[2017-06-20 11:51:04.884] [INFO] error - errError: This socket has been ended by the other party
[2017-06-20 11:51:04.885] [INFO] error - errError: This socket is closed
[2017-06-20 11:51:04.886] [INFO] error - errError: This socket is closed
[2017-06-20 11:51:04.886] [INFO] error - errError: This socket is closed
[2017-06-20 11:51:04.887] [INFO] error - errError: This socket is closed
[2017-06-20 11:51:04.888] [INFO] error - errError: This socket is closed
[2017-06-20 11:51:04.889] [INFO] error - errError: This socket is closed
[2017-06-20 11:51:04.889] [INFO] error - errError: This socket is closed
[2017-06-20 11:51:04.890] [INFO] error - errError: This socket is closed
[2017-06-20 11:51:04.891] [INFO] error - errError: This socket is closed
[2017-06-20 11:51:04.892] [INFO] error - errError: This socket is closed
[2017-06-20 11:51:04.894] [INFO] error - errError: write EPIPE
[2017-06-20 11:51:05.049] [INFO] error - errError: This socket has been ended by the other party
[2017-06-20 11:51:05.050] [INFO] error - errError: This socket has been ended by the other party
[2017-06-20 11:51:05.050] [INFO] error - errError: This socket is closed
[2017-06-20 11:51:05.051] [INFO] error - errError: This socket is closed
[2017-06-20 11:51:05.051] [INFO] error - errError: This socket is closed
[2017-06-20 11:51:05.052] [INFO] error - errError: This socket is closed
[2017-06-20 11:51:05.053] [INFO] error - errError: This socket is closed
[2017-06-20 11:51:05.053] [INFO] error - errError: This socket is closed
[2017-06-20 11:51:05.054] [INFO] error - errError: This socket is closed
[2017-06-20 11:51:05.054] [INFO] error - errError: This socket is closed
[2017-06-20 11:51:05.055] [INFO] error - errError: This socket is closed
[2017-06-20 11:51:05.055] [INFO] error - errError: This socket is closed
[2017-06-20 11:51:05.055] [INFO] error - errError: This socket is closed
[2017-06-20 11:51:05.056] [INFO] error - errError: This socket is closed
[2017-06-20 11:51:05.060] [INFO] error - errError: This socket has been ended by the other party
[2017-06-20 11:51:05.062] [INFO] error - errError: This socket has been ended by the other party
[2017-06-20 11:51:05.063] [INFO] error - errError: This socket is closed
[2017-06-20 11:51:05.064] [INFO] error - errError: This socket is closed
[2017-06-20 11:51:05.065] [INFO] error - errError: This socket is closed
[2017-06-20 11:51:05.066] [INFO] error - errError: This socket is closed
[2017-06-20 11:51:05.067] [INFO] error - errError: This socket is closed
[2017-06-20 11:51:05.068] [INFO] error - errError: This socket is closed
[2017-06-20 11:51:05.069] [INFO] error - errError: This socket is closed
[2017-06-20 11:51:05.070] [INFO] error - errError: This socket is closed
[2017-06-20 11:51:05.070] [INFO] error - errError: This socket is closed
[2017-06-20 11:51:05.071] [INFO] error - errError: This socket is closed
[2017-06-20 11:51:05.071] [INFO] error - errError: This socket is closed
[2017-06-20 11:51:05.072] [INFO] error - errError: This socket is closed
[2017-06-20 11:51:05.073] [INFO] error - errError: write EPIPE
[2017-06-20 11:51:05.187] [INFO] error - errError: This socket has been ended by the other party
[2017-06-20 11:51:05.188] [INFO] error - errError: This socket has been ended by the other party
[2017-06-20 11:51:05.189] [INFO] error - errError: This socket is closed
[2017-06-20 11:51:05.189] [INFO] error - errError: This socket is closed
[2017-06-20 11:51:05.190] [INFO] error - errError: This socket is closed
[2017-06-20 11:51:05.190] [INFO] error - errError: This socket is closed
[2017-06-20 11:51:05.191] [INFO] error - errError: This socket is closed
[2017-06-20 11:51:05.191] [INFO] error - errError: This socket is closed
[2017-06-20 11:51:05.192] [INFO] error - errError: This socket is closed
[2017-06-20 11:51:05.192] [INFO] error - errError: This socket is closed
[2017-06-20 11:51:05.193] [INFO] error - errError: This socket is closed
[2017-06-20 11:51:05.193] [INFO] error - errError: This socket is closed
[2017-06-20 11:51:05.194] [INFO] error - errError: This socket is closed
[2017-06-20 11:51:05.195] [INFO] error - errError: This socket is closed
[2017-06-20 11:51:05.196] [INFO] error - errError: This socket is closed
[2017-06-20 11:51:05.197] [INFO] error - errError: This socket is closed
[2017-06-20 11:51:05.201] [INFO] error - errError: This socket has been ended by the other party
[2017-06-20 11:51:05.201] [INFO] error - errError: This socket has been ended by the other party
[2017-06-20 11:51:05.202] [INFO] error - errError: This socket is closed
[2017-06-20 11:51:05.203] [INFO] error - errError: This socket is closed
[2017-06-20 11:51:05.203] [INFO] error - errError: This socket is closed
[2017-06-20 11:51:05.207] [INFO] error - errError: This socket is closed
[2017-06-20 11:51:05.209] [INFO] error - errError: This socket is closed
[2017-06-20 11:51:05.209] [INFO] error - errError: This socket is closed
[2017-06-20 11:51:05.210] [INFO] error - errError: This socket is closed
[2017-06-20 11:51:05.210] [INFO] error - errError: This socket is closed
[2017-06-20 11:51:05.211] [INFO] error - errError: This socket is closed
[2017-06-20 11:51:05.211] [INFO] error - errError: This socket is closed
[2017-06-20 11:51:05.212] [INFO] error - errError: This socket is closed
[2017-06-20 11:51:05.213] [INFO] error - errError: This socket is closed
[2017-06-20 11:51:05.214] [INFO] error - errError: This socket is closed
[2017-06-20 11:51:05.216] [INFO] error - errError: This socket is closed
[2017-06-20 11:51:05.219] [INFO] error - errError: write EPIPE
[2017-06-20 11:51:05.342] [INFO] error - errError: This socket has been ended by the other party
[2017-06-20 11:51:05.342] [INFO] error - errError: This socket has been ended by the other party
[2017-06-20 11:51:05.343] [INFO] error - errError: This socket is closed
[2017-06-20 11:51:05.343] [INFO] error - errError: This socket is closed
[2017-06-20 11:51:05.344] [INFO] error - errError: This socket is closed
[2017-06-20 11:51:05.345] [INFO] error - errError: This socket is closed
[2017-06-20 11:51:05.346] [INFO] error - errError: This socket is closed
[2017-06-20 11:51:05.347] [INFO] error - errError: This socket is closed
[2017-06-20 11:51:05.348] [INFO] error - errError: This socket is closed
[2017-06-20 11:51:05.349] [INFO] error - errError: This socket is closed
[2017-06-20 11:51:05.349] [INFO] error - errError: This socket is closed
[2017-06-20 11:51:05.350] [INFO] error - errError: This socket is closed
[2017-06-20 11:51:05.350] [INFO] error - errError: This socket is closed
[2017-06-20 11:51:05.351] [INFO] error - errError: This socket is closed
[2017-06-20 11:51:05.351] [INFO] error - errError: This socket is closed
[2017-06-20 11:51:05.352] [INFO] error - errError: This socket is closed
[2017-06-20 11:51:05.352] [INFO] error - errError: This socket is closed
[2017-06-20 11:51:05.353] [INFO] error - errError: This socket is closed
[2017-06-20 11:51:05.358] [INFO] error - errError: This socket has been ended by the other party
[2017-06-20 11:51:05.359] [INFO] error - errError: This socket has been ended by the other party
[2017-06-20 11:51:05.359] [INFO] error - errError: This socket is closed
[2017-06-20 11:51:05.360] [INFO] error - errError: This socket is closed
[2017-06-20 11:51:05.360] [INFO] error - errError: This socket is closed
[2017-06-20 11:51:05.361] [INFO] error - errError: This socket is closed
[2017-06-20 11:51:05.362] [INFO] error - errError: This socket is closed
[2017-06-20 11:51:05.363] [INFO] error - errError: This socket is closed
[2017-06-20 11:51:05.364] [INFO] error - errError: This socket is closed
[2017-06-20 11:51:05.365] [INFO] error - errError: This socket is closed
[2017-06-20 11:51:05.366] [INFO] error - errError: This socket is closed
[2017-06-20 11:51:05.367] [INFO] error - errError: This socket is closed
[2017-06-20 11:51:05.368] [INFO] error - errError: This socket is closed
[2017-06-20 11:51:05.369] [INFO] error - errError: This socket is closed
[2017-06-20 11:51:05.370] [INFO] error - errError: This socket is closed
[2017-06-20 11:51:05.370] [INFO] error - errError: This socket is closed
[2017-06-20 11:51:05.371] [INFO] error - errError: This socket is closed
[2017-06-20 11:51:05.371] [INFO] error - errError: This socket is closed
[2017-06-20 11:51:05.374] [INFO] error - errError: write EPIPE
[2017-06-20 11:51:05.455] [INFO] error - errError: This socket has been ended by the other party
[2017-06-20 11:51:05.456] [INFO] error - errError: This socket has been ended by the other party
[2017-06-20 11:51:05.456] [INFO] error - errError: This socket is closed
[2017-06-20 11:51:05.457] [INFO] error - errError: This socket is closed
[2017-06-20 11:51:05.458] [INFO] error - errError: This socket is closed
[2017-06-20 11:51:05.458] [INFO] error - errError: This socket is closed
[2017-06-20 11:51:05.459] [INFO] error - errError: This socket is closed
[2017-06-20 11:51:05.460] [INFO] error - errError: This socket is closed
[2017-06-20 11:51:05.461] [INFO] error - errError: This socket is closed
[2017-06-20 11:51:05.461] [INFO] error - errError: This socket is closed
[2017-06-20 11:51:05.462] [INFO] error - errError: This socket is closed
[2017-06-20 11:51:05.463] [INFO] error - errError: This socket is closed
[2017-06-20 11:51:05.463] [INFO] error - errError: This socket is closed
[2017-06-20 11:51:05.464] [INFO] error - errError: This socket is closed
[2017-06-20 11:51:05.465] [INFO] error - errError: This socket is closed
[2017-06-20 11:51:05.465] [INFO] error - errError: This socket is closed
[2017-06-20 11:51:05.466] [INFO] error - errError: This socket is closed
[2017-06-20 11:51:05.467] [INFO] error - errError: This socket is closed
[2017-06-20 11:51:05.467] [INFO] error - errError: This socket is closed
[2017-06-20 11:51:05.468] [INFO] error - errError: This socket is closed
[2017-06-20 11:51:05.488] [INFO] error - errError: This socket has been ended by the other party
[2017-06-20 11:51:05.489] [INFO] error - errError: This socket has been ended by the other party
[2017-06-20 11:51:05.489] [INFO] error - errError: This socket is closed
[2017-06-20 11:51:05.490] [INFO] error - errError: This socket is closed
[2017-06-20 11:51:05.491] [INFO] error - errError: This socket is closed
[2017-06-20 11:51:05.491] [INFO] error - errError: This socket is closed
[2017-06-20 11:51:05.492] [INFO] error - errError: This socket is closed
[2017-06-20 11:51:05.492] [INFO] error - errError: This socket is closed
[2017-06-20 11:51:05.493] [INFO] error - errError: This socket is closed
[2017-06-20 11:51:05.493] [INFO] error - errError: This socket is closed
[2017-06-20 11:51:05.494] [INFO] error - errError: This socket is closed
[2017-06-20 11:51:05.495] [INFO] error - errError: This socket is closed
[2017-06-20 11:51:05.495] [INFO] error - errError: This socket is closed
[2017-06-20 11:51:05.496] [INFO] error - errError: This socket is closed
[2017-06-20 11:51:05.496] [INFO] error - errError: This socket is closed
[2017-06-20 11:51:05.497] [INFO] error - errError: This socket is closed
[2017-06-20 11:51:05.497] [INFO] error - errError: This socket is closed
[2017-06-20 11:51:05.498] [INFO] error - errError: This socket is closed
[2017-06-20 11:51:05.499] [INFO] error - errError: This socket is closed
[2017-06-20 11:51:05.499] [INFO] error - errError: This socket is closed
[2017-06-20 11:51:05.500] [INFO] error - errError: This socket has been ended by the other party
[2017-06-20 11:51:05.501] [INFO] error - errError: This socket has been ended by the other party
[2017-06-20 11:51:05.504] [INFO] error - errError: This socket has been ended by the other party
[2017-06-20 11:51:05.506] [INFO] error - errError: This socket has been ended by the other party
[2017-06-20 11:51:05.507] [INFO] error - errError: This socket is closed
[2017-06-20 11:51:05.508] [INFO] error - errError: This socket is closed
[2017-06-20 11:51:05.509] [INFO] error - errError: This socket is closed
[2017-06-20 11:51:05.510] [INFO] error - errError: This socket is closed
[2017-06-20 11:51:05.511] [INFO] error - errError: This socket is closed
[2017-06-20 11:51:05.511] [INFO] error - errError: This socket is closed
[2017-06-20 11:51:05.512] [INFO] error - errError: This socket is closed
[2017-06-20 11:51:05.512] [INFO] error - errError: This socket is closed
[2017-06-20 11:51:05.513] [INFO] error - errError: This socket is closed
[2017-06-20 11:51:05.513] [INFO] error - errError: This socket is closed
[2017-06-20 11:51:05.514] [INFO] error - errError: This socket is closed
[2017-06-20 11:51:05.515] [INFO] error - errError: This socket is closed
[2017-06-20 11:51:05.516] [INFO] error - errError: This socket is closed
[2017-06-20 11:51:05.517] [INFO] error - errError: This socket is closed
[2017-06-20 11:51:05.517] [INFO] error - errError: This socket is closed
[2017-06-20 11:51:05.517] [INFO] error - errError: This socket is closed
[2017-06-20 11:51:05.518] [INFO] error - errError: This socket is closed
[2017-06-20 11:51:05.518] [INFO] error - errError: This socket is closed
[2017-06-20 11:51:05.518] [INFO] error - errError: This socket has been ended by the other party
[2017-06-20 11:51:05.519] [INFO] error - errError: This socket has been ended by the other party
[2017-06-20 11:51:05.623] [INFO] error - errError: This socket has been ended by the other party
[2017-06-20 11:51:05.624] [INFO] error - errError: This socket has been ended by the other party
[2017-06-20 11:51:05.624] [INFO] error - errError: This socket is closed
[2017-06-20 11:51:05.625] [INFO] error - errError: This socket is closed
[2017-06-20 11:51:05.625] [INFO] error - errError: This socket is closed
[2017-06-20 11:51:05.626] [INFO] error - errError: This socket is closed
[2017-06-20 11:51:05.626] [INFO] error - errError: This socket is closed
[2017-06-20 11:51:05.627] [INFO] error - errError: This socket is closed
[2017-06-20 11:51:05.627] [INFO] error - errError: This socket is closed
[2017-06-20 11:51:05.628] [INFO] error - errError: This socket is closed
[2017-06-20 11:51:05.628] [INFO] error - errError: This socket is closed
[2017-06-20 11:51:05.629] [INFO] error - errError: This socket is closed
[2017-06-20 11:51:05.629] [INFO] error - errError: This socket is closed
[2017-06-20 11:51:05.630] [INFO] error - errError: This socket is closed
[2017-06-20 11:51:05.630] [INFO] error - errError: This socket is closed
[2017-06-20 11:51:05.631] [INFO] error - errError: This socket is closed
[2017-06-20 11:51:05.631] [INFO] error - errError: This socket is closed
[2017-06-20 11:51:05.632] [INFO] error - errError: This socket is closed
[2017-06-20 11:51:05.632] [INFO] error - errError: This socket is closed
[2017-06-20 11:51:05.633] [INFO] error - errError: This socket is closed
[2017-06-20 11:51:05.633] [INFO] error - errError: This socket has been ended by the other party
[2017-06-20 11:51:05.634] [INFO] error - errError: This socket has been ended by the other party
[2017-06-20 11:51:05.636] [INFO] error - errError: This socket has been ended by the other party
[2017-06-20 11:51:05.636] [INFO] error - errError: This socket has been ended by the other party
[2017-06-20 11:51:05.637] [INFO] error - errError: This socket is closed
[2017-06-20 11:51:05.638] [INFO] error - errError: This socket is closed
[2017-06-20 11:51:05.639] [INFO] error - errError: This socket is closed
[2017-06-20 11:51:05.640] [INFO] error - errError: This socket is closed
[2017-06-20 11:51:05.640] [INFO] error - errError: This socket is closed
[2017-06-20 11:51:05.641] [INFO] error - errError: This socket is closed
[2017-06-20 11:51:05.641] [INFO] error - errError: This socket is closed
[2017-06-20 11:51:05.642] [INFO] error - errError: This socket is closed
[2017-06-20 11:51:05.643] [INFO] error - errError: This socket is closed
[2017-06-20 11:51:05.644] [INFO] error - errError: This socket is closed
[2017-06-20 11:51:05.644] [INFO] error - errError: This socket is closed
[2017-06-20 11:51:05.645] [INFO] error - errError: This socket is closed
[2017-06-20 11:51:05.646] [INFO] error - errError: This socket is closed
[2017-06-20 11:51:05.647] [INFO] error - errError: This socket is closed
[2017-06-20 11:51:05.648] [INFO] error - errError: This socket is closed
[2017-06-20 11:51:05.648] [INFO] error - errError: This socket is closed
[2017-06-20 11:51:05.649] [INFO] error - errError: This socket is closed
[2017-06-20 11:51:05.650] [INFO] error - errError: This socket is closed
[2017-06-20 11:51:05.651] [INFO] error - errError: This socket has been ended by the other party
[2017-06-20 11:51:05.651] [INFO] error - errError: This socket has been ended by the other party
[2017-06-20 11:51:05.653] [INFO] error - errError: write EPIPE
[2017-06-20 11:51:08.462] [INFO] error - errError: This socket has been ended by the other party
[2017-06-20 11:51:08.463] [INFO] error - errError: This socket has been ended by the other party
[2017-06-20 11:51:08.464] [INFO] error - errError: This socket is closed
[2017-06-20 11:51:08.465] [INFO] error - errError: This socket is closed
[2017-06-20 11:51:08.466] [INFO] error - errError: This socket is closed
[2017-06-20 11:51:08.468] [INFO] error - errError: This socket is closed
[2017-06-20 11:51:08.469] [INFO] error - errError: This socket is closed
[2017-06-20 11:51:08.470] [INFO] error - errError: This socket is closed
[2017-06-20 11:51:08.471] [INFO] error - errError: This socket is closed
[2017-06-20 11:51:08.472] [INFO] error - errError: This socket is closed
[2017-06-20 11:51:08.473] [INFO] error - errError: This socket is closed
[2017-06-20 11:51:08.474] [INFO] error - errError: This socket is closed
[2017-06-20 11:51:08.475] [INFO] error - errError: This socket is closed
[2017-06-20 11:51:08.476] [INFO] error - errError: This socket is closed
[2017-06-20 11:51:08.477] [INFO] error - errError: This socket is closed
[2017-06-20 11:51:08.479] [INFO] error - errError: This socket is closed
[2017-06-20 11:51:08.480] [INFO] error - errError: This socket is closed
[2017-06-20 11:51:08.481] [INFO] error - errError: This socket is closed
[2017-06-20 11:51:08.482] [INFO] error - errError: This socket is closed
[2017-06-20 11:51:08.483] [INFO] error - errError: This socket is closed
[2017-06-20 11:51:08.484] [INFO] error - errError: This socket has been ended by the other party
[2017-06-20 11:51:08.484] [INFO] error - errError: This socket has been ended by the other party
[2017-06-20 11:51:08.485] [INFO] error - errError: This socket is closed
[2017-06-20 11:51:08.486] [INFO] error - errError: This socket is closed
[2017-06-20 11:55:29.398] [INFO] error - errError: write EPIPE
[2017-06-20 11:55:30.393] [INFO] error - errError: This socket has been ended by the other party
[2017-06-20 11:57:36.408] [INFO] error - errError: This socket has been ended by the other party
[2017-06-20 11:57:36.409] [INFO] error - errError: This socket has been ended by the other party
[2017-06-20 11:57:39.219] [INFO] error - errError: This socket has been ended by the other party
[2017-06-20 11:57:39.220] [INFO] error - errError: This socket has been ended by the other party
[2017-06-20 11:57:42.204] [INFO] error - errError: This socket has been ended by the other party
[2017-06-20 11:57:42.207] [INFO] error - errError: This socket has been ended by the other party
[2017-06-20 11:57:45.222] [INFO] error - errError: This socket has been ended by the other party
[2017-06-20 11:57:45.223] [INFO] error - errError: This socket has been ended by the other party
[2017-06-20 11:57:48.291] [INFO] error - errError: This socket has been ended by the other party
[2017-06-20 11:57:48.292] [INFO] error - errError: This socket has been ended by the other party
[2017-06-20 11:57:51.237] [INFO] error - errError: This socket has been ended by the other party
[2017-06-20 11:57:51.239] [INFO] error - errError: This socket has been ended by the other party
[2017-06-20 11:57:54.218] [INFO] error - errError: This socket has been ended by the other party
[2017-06-20 11:57:54.222] [INFO] error - errError: This socket has been ended by the other party
[2017-06-20 11:57:57.363] [INFO] error - errError: This socket has been ended by the other party
[2017-06-20 11:57:57.365] [INFO] error - errError: This socket has been ended by the other party
[2017-06-20 11:58:00.216] [INFO] error - errError: This socket has been ended by the other party
[2017-06-20 11:58:00.218] [INFO] error - errError: This socket has been ended by the other party
[2017-06-20 11:58:03.217] [INFO] error - errError: This socket has been ended by the other party
[2017-06-20 11:58:03.219] [INFO] error - errError: This socket has been ended by the other party
[2017-06-20 11:58:06.253] [INFO] error - errError: This socket has been ended by the other party
[2017-06-20 11:58:06.254] [INFO] error - errError: This socket has been ended by the other party
[2017-06-20 11:58:09.285] [INFO] error - errError: This socket has been ended by the other party
[2017-06-20 11:58:09.287] [INFO] error - errError: This socket has been ended by the other party
[2017-06-20 11:58:12.231] [INFO] error - errError: This socket has been ended by the other party
[2017-06-20 11:58:12.232] [INFO] error - errError: This socket has been ended by the other party
[2017-06-20 11:58:15.245] [INFO] error - errError: This socket has been ended by the other party
[2017-06-20 11:58:15.246] [INFO] error - errError: This socket has been ended by the other party
[2017-06-20 11:58:18.330] [INFO] error - errError: This socket has been ended by the other party
[2017-06-20 11:58:18.332] [INFO] error - errError: This socket has been ended by the other party
[2017-06-20 11:58:21.505] [INFO] error - errError: This socket has been ended by the other party
[2017-06-20 11:58:21.506] [INFO] error - errError: This socket has been ended by the other party
[2017-06-20 12:03:06.011] [INFO] error - errError: This socket has been ended by the other party
[2017-06-20 12:03:06.013] [INFO] error - errError: This socket has been ended by the other party
[2017-06-20 12:03:08.943] [INFO] error - errError: This socket has been ended by the other party
[2017-06-20 12:03:08.945] [INFO] error - errError: This socket has been ended by the other party
[2017-06-20 12:03:11.992] [INFO] error - errError: This socket has been ended by the other party
[2017-06-20 12:03:11.993] [INFO] error - errError: This socket has been ended by the other party
[2017-06-20 12:03:15.089] [INFO] error - errError: This socket has been ended by the other party
[2017-06-20 12:03:15.091] [INFO] error - errError: This socket has been ended by the other party
[2017-06-20 12:03:17.946] [INFO] error - errError: This socket has been ended by the other party
[2017-06-20 12:03:17.948] [INFO] error - errError: This socket has been ended by the other party
[2017-06-20 12:03:20.951] [INFO] error - errError: This socket has been ended by the other party
[2017-06-20 12:03:20.953] [INFO] error - errError: This socket has been ended by the other party
[2017-06-20 12:03:23.961] [INFO] error - errError: This socket has been ended by the other party
[2017-06-20 12:03:23.962] [INFO] error - errError: This socket has been ended by the other party
[2017-06-20 12:03:27.007] [INFO] error - errError: This socket has been ended by the other party
[2017-06-20 12:03:27.011] [INFO] error - errError: This socket has been ended by the other party
[2017-06-20 12:03:29.953] [INFO] error - errError: This socket has been ended by the other party
[2017-06-20 12:03:29.954] [INFO] error - errError: This socket has been ended by the other party
[2017-06-20 12:03:32.960] [INFO] error - errError: This socket has been ended by the other party
[2017-06-20 12:03:32.962] [INFO] error - errError: This socket has been ended by the other party
[2017-06-20 12:08:18.478] [INFO] error - errError: This socket has been ended by the other party
[2017-06-20 12:08:18.480] [INFO] error - errError: This socket has been ended by the other party
[2017-06-20 12:08:21.417] [INFO] error - errError: This socket has been ended by the other party
[2017-06-20 12:08:21.418] [INFO] error - errError: This socket has been ended by the other party
[2017-06-20 12:08:24.422] [INFO] error - errError: This socket has been ended by the other party
[2017-06-20 12:08:24.424] [INFO] error - errError: This socket has been ended by the other party
[2017-06-20 12:08:27.513] [INFO] error - errError: This socket has been ended by the other party
[2017-06-20 12:08:27.514] [INFO] error - errError: This socket has been ended by the other party
[2017-06-20 12:08:30.621] [INFO] error - errError: This socket has been ended by the other party
[2017-06-20 12:08:30.623] [INFO] error - errError: This socket has been ended by the other party
[2017-06-20 12:08:33.437] [INFO] error - errError: This socket has been ended by the other party
[2017-06-20 12:08:33.439] [INFO] error - errError: This socket has been ended by the other party
[2017-06-20 12:08:36.426] [INFO] error - errError: This socket has been ended by the other party
[2017-06-20 12:08:36.429] [INFO] error - errError: This socket has been ended by the other party
[2017-06-20 12:08:39.450] [INFO] error - errError: This socket has been ended by the other party
[2017-06-20 12:08:39.467] [INFO] error - errError: This socket has been ended by the other party
[2017-06-20 12:10:29.419] [INFO] error - errError: write EPIPE
[2017-06-20 12:10:30.206] [INFO] error - errError: This socket is closed
[2017-06-20 12:10:30.207] [INFO] error - errError: This socket is closed
[2017-06-20 12:10:33.283] [INFO] error - errError: This socket is closed
[2017-06-20 12:10:33.285] [INFO] error - errError: This socket is closed
[2017-06-20 12:10:36.196] [INFO] error - errError: This socket is closed
[2017-06-20 12:10:36.198] [INFO] error - errError: This socket is closed
[2017-06-20 12:10:39.205] [INFO] error - errError: This socket is closed
[2017-06-20 12:10:39.209] [INFO] error - errError: This socket is closed
[2017-06-20 12:10:42.354] [INFO] error - errError: This socket is closed
[2017-06-20 12:10:42.356] [INFO] error - errError: This socket is closed
[2017-06-20 12:10:45.210] [INFO] error - errError: This socket is closed
[2017-06-20 12:10:45.215] [INFO] error - errError: This socket is closed
[2017-06-20 12:10:48.242] [INFO] error - errError: This socket is closed
[2017-06-20 12:10:48.244] [INFO] error - errError: This socket is closed
[2017-06-20 12:10:51.220] [INFO] error - errError: This socket is closed
[2017-06-20 12:10:51.221] [INFO] error - errError: This socket is closed
[2017-06-20 12:10:54.286] [INFO] error - errError: This socket is closed
[2017-06-20 12:10:54.288] [INFO] error - errError: This socket is closed
[2017-06-20 12:10:57.230] [INFO] error - errError: This socket is closed
[2017-06-20 12:10:57.231] [INFO] error - errError: This socket is closed
[2017-06-20 12:11:00.241] [INFO] error - errError: This socket is closed
[2017-06-20 12:11:00.242] [INFO] error - errError: This socket is closed
[2017-06-20 12:11:03.328] [INFO] error - errError: This socket is closed
[2017-06-20 12:11:03.330] [INFO] error - errError: This socket is closed
[2017-06-20 12:11:49.186] [INFO] error - errError: write EPIPE
[2017-06-20 12:11:51.556] [INFO] error - errError: This socket is closed
[2017-06-20 12:11:51.557] [INFO] error - errError: This socket is closed
[2017-06-20 12:11:54.708] [INFO] error - errError: This socket is closed
[2017-06-20 12:11:54.709] [INFO] error - errError: This socket is closed
[2017-06-20 12:11:57.462] [INFO] error - errError: This socket is closed
[2017-06-20 12:11:57.464] [INFO] error - errError: This socket is closed
[2017-06-20 12:12:00.462] [INFO] error - errError: This socket is closed
[2017-06-20 12:12:00.463] [INFO] error - errError: This socket is closed
[2017-06-20 12:12:03.587] [INFO] error - errError: This socket is closed
[2017-06-20 12:12:03.588] [INFO] error - errError: This socket is closed
[2017-06-20 12:12:06.457] [INFO] error - errError: This socket is closed
[2017-06-20 12:12:06.461] [INFO] error - errError: This socket is closed
[2017-06-20 12:12:09.461] [INFO] error - errError: This socket is closed
[2017-06-20 12:12:09.463] [INFO] error - errError: This socket is closed
[2017-06-20 12:13:34.313] [INFO] error - errError: write EPIPE
